#
# There is insufficient memory for the Java Runtime Environment to continue.
# Native memory allocation (mmap) failed to map 715849728 bytes for committing reserved memory.
# Possible reasons:
#   The system is out of physical RAM or swap space
#   In 32 bit mode, the process size limit was hit
# Possible solutions:
#   Reduce memory load on the system
#   Increase physical memory or swap space
#   Check if swap backing store is full
#   Use 64 bit Java on a 64 bit OS
#   Decrease Java heap size (-Xmx/-Xms)
#   Decrease number of Java threads
#   Decrease Java thread stack sizes (-Xss)
#   Set larger code cache with -XX:ReservedCodeCacheSize=
# This output file may be truncated or incomplete.
#
#  Out of Memory Error (os_linux.cpp:2627), pid=2222, tid=139995677587200
#
# JRE version:  (8.0_65-b17) (build )
# Java VM: Java HotSpot(TM) 64-Bit Server VM (25.65-b01 mixed mode linux-amd64 compressed oops)
# Failed to write core dump. Core dumps have been disabled. To enable core dumping, try "ulimit -c unlimited" before starting Java again
#

---------------  T H R E A D  ---------------

Current thread (0x00007f5340009800):  JavaThread "Unknown thread" [_thread_in_vm, id=2223, stack(0x00007f534891f000,0x00007f5348a20000)]

Stack: [0x00007f534891f000,0x00007f5348a20000],  sp=0x00007f5348a1e300,  free space=1020k
Native frames: (J=compiled Java code, j=interpreted, Vv=VM code, C=native code)
V  [libjvm.so+0xab97ea]  VMError::report_and_die()+0x2ba
V  [libjvm.so+0x4f9dcb]  report_vm_out_of_memory(char const*, int, unsigned long, VMErrorType, char const*)+0x8b
V  [libjvm.so+0x91a7c3]  os::Linux::commit_memory_impl(char*, unsigned long, bool)+0x103
V  [libjvm.so+0x91ad19]  os::pd_commit_memory(char*, unsigned long, unsigned long, bool)+0x29
V  [libjvm.so+0x91502a]  os::commit_memory(char*, unsigned long, unsigned long, bool)+0x2a
V  [libjvm.so+0xab5549]  VirtualSpace::expand_by(unsigned long, bool)+0x199
V  [libjvm.so+0xab609e]  VirtualSpace::initialize(ReservedSpace, unsigned long)+0xee
V  [libjvm.so+0x5f6891]  CardGeneration::CardGeneration(ReservedSpace, unsigned long, int, GenRemSet*)+0xf1
V  [libjvm.so+0xa5d17f]  TenuredGeneration::TenuredGeneration(ReservedSpace, unsigned long, int, GenRemSet*)+0x5f
V  [libjvm.so+0x5f7b99]  GenerationSpec::init(ReservedSpace, int, GenRemSet*)+0x339
V  [libjvm.so+0x5e663e]  GenCollectedHeap::initialize()+0x1de
V  [libjvm.so+0xa8218b]  Universe::initialize_heap()+0xfb
V  [libjvm.so+0xa824fe]  universe_init()+0x3e
V  [libjvm.so+0x6388a5]  init_globals()+0x65
V  [libjvm.so+0xa666fe]  Threads::create_vm(JavaVMInitArgs*, bool*)+0x23e
V  [libjvm.so+0x6ccd34]  JNI_CreateJavaVM+0x74
C  [libjli.so+0x745e]  JavaMain+0x9e
C  [libpthread.so.0+0x8184]  start_thread+0xc4


---------------  P R O C E S S  ---------------

Java Threads: ( => current thread )

Other Threads:

=>0x00007f5340009800 (exited) JavaThread "Unknown thread" [_thread_in_vm, id=2223, stack(0x00007f534891f000,0x00007f5348a20000)]

VM state:not at safepoint (not fully initialized)

VM Mutex/Monitor currently owned by a thread: None

GC Heap History (0 events):
No events

Deoptimization events (0 events):
No events

Internal exceptions (0 events):
No events

Events (0 events):
No events


Dynamic libraries:
00400000-00401000 r-xp 00000000 08:01 526080                             /usr/lib/jvm/jdk1.8.0_65/bin/java
00600000-00601000 rw-p 00000000 08:01 526080                             /usr/lib/jvm/jdk1.8.0_65/bin/java
008ae000-008cf000 rw-p 00000000 00:00 0                                  [heap]
c0000000-d5550000 rw-p 00000000 00:00 0 
7f5338000000-7f5338270000 rwxp 00000000 00:00 0 
7f5338270000-7f5340000000 ---p 00000000 00:00 0 
7f5340000000-7f5340033000 rw-p 00000000 00:00 0 
7f5340033000-7f5344000000 ---p 00000000 00:00 0 
7f534540a000-7f534573a000 rw-p 00000000 00:00 0 
7f534573a000-7f534588f000 ---p 00000000 00:00 0 
7f534588f000-7f534589a000 rw-p 00000000 00:00 0 
7f534589a000-7f5345a90000 ---p 00000000 00:00 0 
7f5345a90000-7f5345aaa000 r-xp 00000000 08:01 525937                     /usr/lib/jvm/jdk1.8.0_65/jre/lib/amd64/libzip.so
7f5345aaa000-7f5345caa000 ---p 0001a000 08:01 525937                     /usr/lib/jvm/jdk1.8.0_65/jre/lib/amd64/libzip.so
7f5345caa000-7f5345cab000 rw-p 0001a000 08:01 525937                     /usr/lib/jvm/jdk1.8.0_65/jre/lib/amd64/libzip.so
7f5345cab000-7f5345cb5000 r-xp 00000000 08:01 44061                      /lib/x86_64-linux-gnu/libnss_files-2.19.so
7f5345cb5000-7f5345eb4000 ---p 0000a000 08:01 44061                      /lib/x86_64-linux-gnu/libnss_files-2.19.so
7f5345eb4000-7f5345eb5000 r--p 00009000 08:01 44061                      /lib/x86_64-linux-gnu/libnss_files-2.19.so
7f5345eb5000-7f5345eb6000 rw-p 0000a000 08:01 44061                      /lib/x86_64-linux-gnu/libnss_files-2.19.so
7f5345eb6000-7f5345ec1000 r-xp 00000000 08:01 44065                      /lib/x86_64-linux-gnu/libnss_nis-2.19.so
7f5345ec1000-7f53460c0000 ---p 0000b000 08:01 44065                      /lib/x86_64-linux-gnu/libnss_nis-2.19.so
7f53460c0000-7f53460c1000 r--p 0000a000 08:01 44065                      /lib/x86_64-linux-gnu/libnss_nis-2.19.so
7f53460c1000-7f53460c2000 rw-p 0000b000 08:01 44065                      /lib/x86_64-linux-gnu/libnss_nis-2.19.so
7f53460c2000-7f53460d9000 r-xp 00000000 08:01 44080                      /lib/x86_64-linux-gnu/libnsl-2.19.so
7f53460d9000-7f53462d8000 ---p 00017000 08:01 44080                      /lib/x86_64-linux-gnu/libnsl-2.19.so
7f53462d8000-7f53462d9000 r--p 00016000 08:01 44080                      /lib/x86_64-linux-gnu/libnsl-2.19.so
7f53462d9000-7f53462da000 rw-p 00017000 08:01 44080                      /lib/x86_64-linux-gnu/libnsl-2.19.so
7f53462da000-7f53462dc000 rw-p 00000000 00:00 0 
7f53462dc000-7f53462e5000 r-xp 00000000 08:01 44067                      /lib/x86_64-linux-gnu/libnss_compat-2.19.so
7f53462e5000-7f53464e4000 ---p 00009000 08:01 44067                      /lib/x86_64-linux-gnu/libnss_compat-2.19.so
7f53464e4000-7f53464e5000 r--p 00008000 08:01 44067                      /lib/x86_64-linux-gnu/libnss_compat-2.19.so
7f53464e5000-7f53464e6000 rw-p 00009000 08:01 44067                      /lib/x86_64-linux-gnu/libnss_compat-2.19.so
7f53464e6000-7f5346510000 r-xp 00000000 08:01 525915                     /usr/lib/jvm/jdk1.8.0_65/jre/lib/amd64/libjava.so
7f5346510000-7f5346710000 ---p 0002a000 08:01 525915                     /usr/lib/jvm/jdk1.8.0_65/jre/lib/amd64/libjava.so
7f5346710000-7f5346712000 rw-p 0002a000 08:01 525915                     /usr/lib/jvm/jdk1.8.0_65/jre/lib/amd64/libjava.so
7f5346712000-7f534671f000 r-xp 00000000 08:01 525931                     /usr/lib/jvm/jdk1.8.0_65/jre/lib/amd64/libverify.so
7f534671f000-7f534691f000 ---p 0000d000 08:01 525931                     /usr/lib/jvm/jdk1.8.0_65/jre/lib/amd64/libverify.so
7f534691f000-7f5346921000 rw-p 0000d000 08:01 525931                     /usr/lib/jvm/jdk1.8.0_65/jre/lib/amd64/libverify.so
7f5346921000-7f5346928000 r-xp 00000000 08:01 44078                      /lib/x86_64-linux-gnu/librt-2.19.so
7f5346928000-7f5346b27000 ---p 00007000 08:01 44078                      /lib/x86_64-linux-gnu/librt-2.19.so
7f5346b27000-7f5346b28000 r--p 00006000 08:01 44078                      /lib/x86_64-linux-gnu/librt-2.19.so
7f5346b28000-7f5346b29000 rw-p 00007000 08:01 44078                      /lib/x86_64-linux-gnu/librt-2.19.so
7f5346b29000-7f5346c2e000 r-xp 00000000 08:01 44071                      /lib/x86_64-linux-gnu/libm-2.19.so
7f5346c2e000-7f5346e2d000 ---p 00105000 08:01 44071                      /lib/x86_64-linux-gnu/libm-2.19.so
7f5346e2d000-7f5346e2e000 r--p 00104000 08:01 44071                      /lib/x86_64-linux-gnu/libm-2.19.so
7f5346e2e000-7f5346e2f000 rw-p 00105000 08:01 44071                      /lib/x86_64-linux-gnu/libm-2.19.so
7f5346e2f000-7f5347aed000 r-xp 00000000 08:01 525953                     /usr/lib/jvm/jdk1.8.0_65/jre/lib/amd64/server/libjvm.so
7f5347aed000-7f5347cec000 ---p 00cbe000 08:01 525953                     /usr/lib/jvm/jdk1.8.0_65/jre/lib/amd64/server/libjvm.so
7f5347cec000-7f5347dc4000 rw-p 00cbd000 08:01 525953                     /usr/lib/jvm/jdk1.8.0_65/jre/lib/amd64/server/libjvm.so
7f5347dc4000-7f5347e09000 rw-p 00000000 00:00 0 
7f5347e09000-7f5347fc7000 r-xp 00000000 08:01 44085                      /lib/x86_64-linux-gnu/libc-2.19.so
7f5347fc7000-7f53481c7000 ---p 001be000 08:01 44085                      /lib/x86_64-linux-gnu/libc-2.19.so
7f53481c7000-7f53481cb000 r--p 001be000 08:01 44085                      /lib/x86_64-linux-gnu/libc-2.19.so
7f53481cb000-7f53481cd000 rw-p 001c2000 08:01 44085                      /lib/x86_64-linux-gnu/libc-2.19.so
7f53481cd000-7f53481d2000 rw-p 00000000 00:00 0 
7f53481d2000-7f53481d5000 r-xp 00000000 08:01 44081                      /lib/x86_64-linux-gnu/libdl-2.19.so
7f53481d5000-7f53483d4000 ---p 00003000 08:01 44081                      /lib/x86_64-linux-gnu/libdl-2.19.so
7f53483d4000-7f53483d5000 r--p 00002000 08:01 44081                      /lib/x86_64-linux-gnu/libdl-2.19.so
7f53483d5000-7f53483d6000 rw-p 00003000 08:01 44081                      /lib/x86_64-linux-gnu/libdl-2.19.so
7f53483d6000-7f53483eb000 r-xp 00000000 08:01 524998                     /usr/lib/jvm/jdk1.8.0_65/lib/amd64/jli/libjli.so
7f53483eb000-7f53485eb000 ---p 00015000 08:01 524998                     /usr/lib/jvm/jdk1.8.0_65/lib/amd64/jli/libjli.so
7f53485eb000-7f53485ec000 rw-p 00015000 08:01 524998                     /usr/lib/jvm/jdk1.8.0_65/lib/amd64/jli/libjli.so
7f53485ec000-7f5348605000 r-xp 00000000 08:01 44077                      /lib/x86_64-linux-gnu/libpthread-2.19.so
7f5348605000-7f5348804000 ---p 00019000 08:01 44077                      /lib/x86_64-linux-gnu/libpthread-2.19.so
7f5348804000-7f5348805000 r--p 00018000 08:01 44077                      /lib/x86_64-linux-gnu/libpthread-2.19.so
7f5348805000-7f5348806000 rw-p 00019000 08:01 44077                      /lib/x86_64-linux-gnu/libpthread-2.19.so
7f5348806000-7f534880a000 rw-p 00000000 00:00 0 
7f534880a000-7f534882d000 r-xp 00000000 08:01 44074                      /lib/x86_64-linux-gnu/ld-2.19.so
7f5348917000-7f534891f000 rw-s 00000000 08:01 400927                     /tmp/hsperfdata_vagrant/2222
7f534891f000-7f5348922000 ---p 00000000 00:00 0 
7f5348922000-7f5348a25000 rw-p 00000000 00:00 0                          [stack:2223]
7f5348a27000-7f5348a2b000 rw-p 00000000 00:00 0 
7f5348a2b000-7f5348a2c000 r--p 00000000 00:00 0 
7f5348a2c000-7f5348a2d000 r--p 00022000 08:01 44074                      /lib/x86_64-linux-gnu/ld-2.19.so
7f5348a2d000-7f5348a2e000 rw-p 00023000 08:01 44074                      /lib/x86_64-linux-gnu/ld-2.19.so
7f5348a2e000-7f5348a2f000 rw-p 00000000 00:00 0 
7ffca91df000-7ffca9200000 rw-p 00000000 00:00 0                          [stack]
7ffca92f7000-7ffca92f9000 r-xp 00000000 00:00 0                          [vdso]
ffffffffff600000-ffffffffff601000 r-xp 00000000 00:00 0                  [vsyscall]

VM Arguments:
jvm_args: -Xms1024m -Xmx1024m -XX:ReservedCodeCacheSize=128m -XX:MaxMetaspaceSize=256m 
java_command: /usr/share/sbt/bin/sbt-launch.jar console
java_class_path (initial): /usr/share/sbt/bin/sbt-launch.jar
Launcher Type: SUN_STANDARD

Environment Variables:
JAVA_HOME=/usr/lib/jvm/java-8-oracle-amd64
PATH=/usr/local/sbin:/usr/local/bin:/usr/sbin:/usr/bin:/sbin:/bin:/usr/games:/usr/local/games
SHELL=/bin/bash

Signal Handlers:
SIGSEGV: [libjvm.so+0xaba070], sa_mask[0]=11111111011111111101111111111110, sa_flags=SA_RESTART|SA_SIGINFO
SIGBUS: [libjvm.so+0xaba070], sa_mask[0]=11111111011111111101111111111110, sa_flags=SA_RESTART|SA_SIGINFO
SIGFPE: [libjvm.so+0x917630], sa_mask[0]=11111111011111111101111111111110, sa_flags=SA_RESTART|SA_SIGINFO
SIGPIPE: [libjvm.so+0x917630], sa_mask[0]=11111111011111111101111111111110, sa_flags=SA_RESTART|SA_SIGINFO
SIGXFSZ: [libjvm.so+0x917630], sa_mask[0]=11111111011111111101111111111110, sa_flags=SA_RESTART|SA_SIGINFO
SIGILL: [libjvm.so+0x917630], sa_mask[0]=11111111011111111101111111111110, sa_flags=SA_RESTART|SA_SIGINFO
SIGUSR1: SIG_DFL, sa_mask[0]=00000000000000000000000000000000, sa_flags=none
SIGUSR2: [libjvm.so+0x918c60], sa_mask[0]=00000000000000000000000000000000, sa_flags=SA_RESTART|SA_SIGINFO
SIGHUP: SIG_DFL, sa_mask[0]=00000000000000000000000000000000, sa_flags=none
SIGINT: SIG_DFL, sa_mask[0]=00000000000000000000000000000000, sa_flags=none
SIGTERM: SIG_DFL, sa_mask[0]=00000000000000000000000000000000, sa_flags=none
SIGQUIT: SIG_DFL, sa_mask[0]=00000000000000000000000000000000, sa_flags=none


---------------  S Y S T E M  ---------------

OS:DISTRIB_ID=Ubuntu
DISTRIB_RELEASE=14.04
DISTRIB_CODENAME=trusty
DISTRIB_DESCRIPTION="Ubuntu 14.04.5 LTS"

uname:Linux 3.13.0-88-generic #135-Ubuntu SMP Wed Jun 8 21:10:42 UTC 2016 x86_64
libc:glibc 2.19 NPTL 2.19 
rlimit: STACK 8192k, CORE 0k, NPROC 15934, NOFILE 4096, AS infinity
load average:0.92 0.57 0.27

/proc/meminfo:
MemTotal:        2049988 kB
MemFree:          448900 kB
Buffers:           23528 kB
Cached:           245212 kB
SwapCached:            0 kB
Active:          1380440 kB
Inactive:         168836 kB
Active(anon):    1280644 kB
Inactive(anon):      268 kB
Active(file):      99796 kB
Inactive(file):   168568 kB
Unevictable:           0 kB
Mlocked:               0 kB
SwapTotal:             0 kB
SwapFree:              0 kB
Dirty:                12 kB
Writeback:             0 kB
AnonPages:       1280576 kB
Mapped:            33204 kB
Shmem:               380 kB
Slab:              27408 kB
SReclaimable:      19240 kB
SUnreclaim:         8168 kB
KernelStack:        1072 kB
PageTables:         5524 kB
NFS_Unstable:          0 kB
Bounce:                0 kB
WritebackTmp:          0 kB
CommitLimit:     1024992 kB
Committed_AS:    2477164 kB
VmallocTotal:   34359738367 kB
VmallocUsed:       10328 kB
VmallocChunk:   34359722492 kB
HardwareCorrupted:     0 kB
AnonHugePages:    913408 kB
HugePages_Total:       0
HugePages_Free:        0
HugePages_Rsvd:        0
HugePages_Surp:        0
Hugepagesize:       2048 kB
DirectMap4k:       34752 kB
DirectMap2M:     2062336 kB


CPU:total 1 (1 cores per cpu, 1 threads per core) family 6 model 69 stepping 1, cmov, cx8, fxsr, mmx, sse, sse2, sse3, ssse3, sse4.1, sse4.2, popcnt, avx, avx2, aes, clmul, lzcnt, tsc, tscinvbit

/proc/cpuinfo:
processor	: 0
vendor_id	: GenuineIntel
cpu family	: 6
model		: 69
model name	: Intel(R) Core(TM) i5-4260U CPU @ 1.40GHz
stepping	: 1
cpu MHz		: 1999.948
cache size	: 3072 KB
physical id	: 0
siblings	: 1
core id		: 0
cpu cores	: 1
apicid		: 0
initial apicid	: 0
fpu		: yes
fpu_exception	: yes
cpuid level	: 13
wp		: yes
flags		: fpu vme de pse tsc msr pae mce cx8 apic sep mtrr pge mca cmov pat pse36 clflush mmx fxsr sse sse2 ht syscall nx rdtscp lm constant_tsc rep_good nopl xtopology nonstop_tsc pni pclmulqdq monitor ssse3 cx16 pcid sse4_1 sse4_2 movbe popcnt aes xsave avx rdrand lahf_lm abm fsgsbase avx2 invpcid
bogomips	: 3999.89
clflush size	: 64
cache_alignment	: 64
address sizes	: 39 bits physical, 48 bits virtual
power management:



Memory: 4k page, physical 2049988k(448900k free), swap 0k(0k free)

vm_info: Java HotSpot(TM) 64-Bit Server VM (25.65-b01) for linux-amd64 JRE (1.8.0_65-b17), built on Oct  6 2015 17:16:12 by "java_re" with gcc 4.3.0 20080428 (Red Hat 4.3.0-8)

time: Mon Feb 25 05:13:46 2019
elapsed time: 0 seconds (0d 0h 0m 0s)

